CRITICAL - 2023-06-23 12:06:13 --> Class "app\Models\ProductModel" not found
in APPPATH\Controllers\CartController.php on line 18.
 1 SYSTEMPATH\CodeIgniter.php(906): App\Controllers\CartController->__construct()
 2 SYSTEMPATH\CodeIgniter.php(490): CodeIgniter\CodeIgniter->createController()
 3 SYSTEMPATH\CodeIgniter.php(368): CodeIgniter\CodeIgniter->handleRequest(null, Object(Config\Cache), false)
 4 FCPATH\index.php(67): CodeIgniter\CodeIgniter->run()
CRITICAL - 2023-06-23 12:07:02 --> Class "app\Models\ProductModel" not found
in APPPATH\Controllers\CartController.php on line 18.
 1 SYSTEMPATH\CodeIgniter.php(906): App\Controllers\CartController->__construct()
 2 SYSTEMPATH\CodeIgniter.php(490): CodeIgniter\CodeIgniter->createController()
 3 SYSTEMPATH\CodeIgniter.php(368): CodeIgniter\CodeIgniter->handleRequest(null, Object(Config\Cache), false)
 4 FCPATH\index.php(67): CodeIgniter\CodeIgniter->run()
CRITICAL - 2023-06-23 12:07:04 --> Class "app\Models\ProductModel" not found
in APPPATH\Controllers\CartController.php on line 18.
 1 SYSTEMPATH\CodeIgniter.php(906): App\Controllers\CartController->__construct()
 2 SYSTEMPATH\CodeIgniter.php(490): CodeIgniter\CodeIgniter->createController()
 3 SYSTEMPATH\CodeIgniter.php(368): CodeIgniter\CodeIgniter->handleRequest(null, Object(Config\Cache), false)
 4 FCPATH\index.php(67): CodeIgniter\CodeIgniter->run()
CRITICAL - 2023-06-23 12:07:05 --> Class "app\Models\ProductModel" not found
in APPPATH\Controllers\CartController.php on line 18.
 1 SYSTEMPATH\CodeIgniter.php(906): App\Controllers\CartController->__construct()
 2 SYSTEMPATH\CodeIgniter.php(490): CodeIgniter\CodeIgniter->createController()
 3 SYSTEMPATH\CodeIgniter.php(368): CodeIgniter\CodeIgniter->handleRequest(null, Object(Config\Cache), false)
 4 FCPATH\index.php(67): CodeIgniter\CodeIgniter->run()
